{"/home/zhasni/RTE-ENEDIS/star-2.3.3/chaincode/fabcar/typescript/src/index.ts":{"path":"/home/zhasni/RTE-ENEDIS/star-2.3.3/chaincode/fabcar/typescript/src/index.ts","statementMap":{"0":{"start":{"line":8,"column":32},"end":{"line":8,"column":42}}},"fnMap":{},"branchMap":{},"s":{"0":0},"f":{},"b":{}},"/home/zhasni/RTE-ENEDIS/star-2.3.3/chaincode/fabcar/typescript/test/fabcar.spec.ts":{"path":"/home/zhasni/RTE-ENEDIS/star-2.3.3/chaincode/fabcar/typescript/test/fabcar.spec.ts","statementMap":{"0":{"start":{"line":3,"column":14},"end":{"line":3,"column":30}},"1":{"start":{"line":4,"column":13},"end":{"line":4,"column":28}},"2":{"start":{"line":5,"column":18},"end":{"line":5,"column":39}},"3":{"start":{"line":6,"column":15},"end":{"line":6,"column":26}},"4":{"start":{"line":14,"column":13},"end":{"line":14,"column":25}},"5":{"start":{"line":15,"column":0},"end":{"line":15,"column":20}},"6":{"start":{"line":17,"column":0},"end":{"line":273,"column":3}},"7":{"start":{"line":19,"column":4},"end":{"line":61,"column":7}},"8":{"start":{"line":20,"column":8},"end":{"line":20,"column":43}},"9":{"start":{"line":22,"column":8},"end":{"line":22,"column":64}},"10":{"start":{"line":23,"column":8},"end":{"line":23,"column":59}},"11":{"start":{"line":25,"column":8},"end":{"line":30,"column":11}},"12":{"start":{"line":26,"column":12},"end":{"line":28,"column":13}},"13":{"start":{"line":27,"column":16},"end":{"line":27,"column":42}},"14":{"start":{"line":29,"column":12},"end":{"line":29,"column":46}},"15":{"start":{"line":32,"column":8},"end":{"line":38,"column":11}},"16":{"start":{"line":34,"column":12},"end":{"line":36,"column":13}},"17":{"start":{"line":35,"column":16},"end":{"line":35,"column":48}},"18":{"start":{"line":37,"column":12},"end":{"line":37,"column":40}},"19":{"start":{"line":40,"column":8},"end":{"line":45,"column":11}},"20":{"start":{"line":41,"column":12},"end":{"line":43,"column":13}},"21":{"start":{"line":42,"column":16},"end":{"line":42,"column":49}},"22":{"start":{"line":44,"column":12},"end":{"line":44,"column":40}},"23":{"start":{"line":47,"column":8},"end":{"line":60,"column":11}},"24":{"start":{"line":49,"column":16},"end":{"line":56,"column":17}},"25":{"start":{"line":51,"column":35},"end":{"line":51,"column":74}},"26":{"start":{"line":53,"column":20},"end":{"line":55,"column":21}},"27":{"start":{"line":54,"column":24},"end":{"line":54,"column":51}},"28":{"start":{"line":59,"column":12},"end":{"line":59,"column":62}},"29":{"start":{"line":64,"column":4},"end":{"line":124,"column":7}},"30":{"start":{"line":65,"column":8},"end":{"line":74,"column":11}},"31":{"start":{"line":66,"column":12},"end":{"line":66,"column":67}},"32":{"start":{"line":67,"column":25},"end":{"line":67,"column":37}},"33":{"start":{"line":68,"column":12},"end":{"line":73,"column":13}},"34":{"start":{"line":69,"column":16},"end":{"line":69,"column":60}},"35":{"start":{"line":72,"column":16},"end":{"line":72,"column":66}},"36":{"start":{"line":76,"column":8},"end":{"line":123,"column":11}},"37":{"start":{"line":77,"column":32},"end":{"line":88,"column":13}},"38":{"start":{"line":90,"column":25},"end":{"line":90,"column":37}},"39":{"start":{"line":91,"column":12},"end":{"line":91,"column":56}},"40":{"start":{"line":92,"column":22},"end":{"line":92,"column":83}},"41":{"start":{"line":95,"column":12},"end":{"line":95,"column":73}},"42":{"start":{"line":96,"column":12},"end":{"line":96,"column":80}},"43":{"start":{"line":98,"column":12},"end":{"line":98,"column":73}},"44":{"start":{"line":99,"column":12},"end":{"line":99,"column":80}},"45":{"start":{"line":101,"column":12},"end":{"line":101,"column":73}},"46":{"start":{"line":102,"column":12},"end":{"line":102,"column":80}},"47":{"start":{"line":104,"column":12},"end":{"line":104,"column":73}},"48":{"start":{"line":105,"column":12},"end":{"line":105,"column":80}},"49":{"start":{"line":107,"column":12},"end":{"line":107,"column":73}},"50":{"start":{"line":108,"column":12},"end":{"line":108,"column":80}},"51":{"start":{"line":110,"column":12},"end":{"line":110,"column":73}},"52":{"start":{"line":111,"column":12},"end":{"line":111,"column":80}},"53":{"start":{"line":113,"column":12},"end":{"line":113,"column":73}},"54":{"start":{"line":114,"column":12},"end":{"line":114,"column":80}},"55":{"start":{"line":116,"column":12},"end":{"line":116,"column":73}},"56":{"start":{"line":117,"column":12},"end":{"line":117,"column":80}},"57":{"start":{"line":119,"column":12},"end":{"line":119,"column":73}},"58":{"start":{"line":120,"column":12},"end":{"line":120,"column":80}},"59":{"start":{"line":122,"column":12},"end":{"line":122,"column":73}},"60":{"start":{"line":126,"column":4},"end":{"line":150,"column":7}},"61":{"start":{"line":127,"column":8},"end":{"line":138,"column":11}},"62":{"start":{"line":128,"column":12},"end":{"line":128,"column":67}},"63":{"start":{"line":130,"column":25},"end":{"line":130,"column":37}},"64":{"start":{"line":131,"column":12},"end":{"line":137,"column":13}},"65":{"start":{"line":132,"column":16},"end":{"line":132,"column":100}},"66":{"start":{"line":135,"column":16},"end":{"line":135,"column":45}},"67":{"start":{"line":136,"column":16},"end":{"line":136,"column":66}},"68":{"start":{"line":140,"column":8},"end":{"line":149,"column":11}},"69":{"start":{"line":141,"column":25},"end":{"line":141,"column":37}},"70":{"start":{"line":142,"column":32},"end":{"line":142,"column":95}},"71":{"start":{"line":144,"column":12},"end":{"line":144,"column":56}},"72":{"start":{"line":145,"column":12},"end":{"line":145,"column":96}},"73":{"start":{"line":147,"column":22},"end":{"line":147,"column":84}},"74":{"start":{"line":148,"column":12},"end":{"line":148,"column":73}},"75":{"start":{"line":152,"column":4},"end":{"line":180,"column":7}},"76":{"start":{"line":153,"column":8},"end":{"line":163,"column":11}},"77":{"start":{"line":154,"column":25},"end":{"line":154,"column":37}},"78":{"start":{"line":155,"column":12},"end":{"line":155,"column":96}},"79":{"start":{"line":157,"column":12},"end":{"line":162,"column":13}},"80":{"start":{"line":158,"column":16},"end":{"line":158,"column":67}},"81":{"start":{"line":161,"column":16},"end":{"line":161,"column":69}},"82":{"start":{"line":165,"column":8},"end":{"line":179,"column":11}},"83":{"start":{"line":166,"column":25},"end":{"line":166,"column":37}},"84":{"start":{"line":167,"column":12},"end":{"line":167,"column":56}},"85":{"start":{"line":168,"column":32},"end":{"line":170,"column":13}},"86":{"start":{"line":172,"column":23},"end":{"line":172,"column":84}},"87":{"start":{"line":175,"column":12},"end":{"line":175,"column":74}},"88":{"start":{"line":176,"column":22},"end":{"line":176,"column":70}},"89":{"start":{"line":178,"column":12},"end":{"line":178,"column":73}},"90":{"start":{"line":182,"column":4},"end":{"line":209,"column":7}},"91":{"start":{"line":183,"column":8},"end":{"line":193,"column":11}},"92":{"start":{"line":184,"column":25},"end":{"line":184,"column":37}},"93":{"start":{"line":185,"column":12},"end":{"line":185,"column":96}},"94":{"start":{"line":187,"column":12},"end":{"line":192,"column":13}},"95":{"start":{"line":188,"column":16},"end":{"line":188,"column":81}},"96":{"start":{"line":191,"column":16},"end":{"line":191,"column":69}},"97":{"start":{"line":195,"column":8},"end":{"line":208,"column":11}},"98":{"start":{"line":196,"column":25},"end":{"line":196,"column":37}},"99":{"start":{"line":197,"column":12},"end":{"line":197,"column":56}},"100":{"start":{"line":198,"column":12},"end":{"line":198,"column":76}},"101":{"start":{"line":200,"column":22},"end":{"line":200,"column":70}},"102":{"start":{"line":201,"column":27},"end":{"line":206,"column":13}},"103":{"start":{"line":207,"column":12},"end":{"line":207,"column":74}},"104":{"start":{"line":211,"column":4},"end":{"line":272,"column":7}},"105":{"start":{"line":212,"column":8},"end":{"line":220,"column":11}},"106":{"start":{"line":213,"column":25},"end":{"line":213,"column":37}},"107":{"start":{"line":215,"column":22},"end":{"line":215,"column":61}},"108":{"start":{"line":216,"column":12},"end":{"line":216,"column":34}},"109":{"start":{"line":218,"column":12},"end":{"line":218,"column":43}},"110":{"start":{"line":219,"column":12},"end":{"line":219,"column":35}},"111":{"start":{"line":222,"column":8},"end":{"line":243,"column":11}},"112":{"start":{"line":223,"column":25},"end":{"line":223,"column":37}},"113":{"start":{"line":225,"column":12},"end":{"line":225,"column":100}},"114":{"start":{"line":226,"column":12},"end":{"line":226,"column":97}},"115":{"start":{"line":227,"column":12},"end":{"line":227,"column":104}},"116":{"start":{"line":228,"column":12},"end":{"line":228,"column":104}},"117":{"start":{"line":230,"column":22},"end":{"line":230,"column":61}},"118":{"start":{"line":231,"column":12},"end":{"line":231,"column":34}},"119":{"start":{"line":233,"column":12},"end":{"line":233,"column":43}},"120":{"start":{"line":235,"column":36},"end":{"line":240,"column":13}},"121":{"start":{"line":242,"column":12},"end":{"line":242,"column":41}},"122":{"start":{"line":245,"column":8},"end":{"line":271,"column":11}},"123":{"start":{"line":246,"column":25},"end":{"line":246,"column":37}},"124":{"start":{"line":247,"column":12},"end":{"line":252,"column":15}},"125":{"start":{"line":248,"column":16},"end":{"line":250,"column":17}},"126":{"start":{"line":249,"column":20},"end":{"line":249,"column":46}},"127":{"start":{"line":251,"column":16},"end":{"line":251,"column":61}},"128":{"start":{"line":254,"column":12},"end":{"line":254,"column":100}},"129":{"start":{"line":255,"column":12},"end":{"line":255,"column":97}},"130":{"start":{"line":256,"column":12},"end":{"line":256,"column":104}},"131":{"start":{"line":257,"column":12},"end":{"line":257,"column":104}},"132":{"start":{"line":259,"column":22},"end":{"line":259,"column":61}},"133":{"start":{"line":260,"column":12},"end":{"line":260,"column":34}},"134":{"start":{"line":261,"column":12},"end":{"line":261,"column":43}},"135":{"start":{"line":263,"column":29},"end":{"line":268,"column":13}},"136":{"start":{"line":270,"column":12},"end":{"line":270,"column":41}}},"fnMap":{"0":{"name":"(anonymous_0)","decl":{"start":{"line":17,"column":25},"end":{"line":17,"column":26}},"loc":{"start":{"line":17,"column":31},"end":{"line":273,"column":1}},"line":17},"1":{"name":"(anonymous_1)","decl":{"start":{"line":19,"column":15},"end":{"line":19,"column":16}},"loc":{"start":{"line":19,"column":21},"end":{"line":61,"column":5}},"line":19},"2":{"name":"(anonymous_2)","decl":{"start":{"line":25,"column":41},"end":{"line":25,"column":42}},"loc":{"start":{"line":25,"column":57},"end":{"line":30,"column":9}},"line":25},"3":{"name":"(anonymous_3)","decl":{"start":{"line":32,"column":41},"end":{"line":32,"column":42}},"loc":{"start":{"line":32,"column":56},"end":{"line":38,"column":9}},"line":32},"4":{"name":"(anonymous_4)","decl":{"start":{"line":40,"column":44},"end":{"line":40,"column":45}},"loc":{"start":{"line":40,"column":59},"end":{"line":45,"column":9}},"line":40},"5":{"name":"(anonymous_5)","decl":{"start":{"line":47,"column":48},"end":{"line":47,"column":49}},"loc":{"start":{"line":47,"column":60},"end":{"line":60,"column":9}},"line":47},"6":{"name":"internalGetStateByRange","decl":{"start":{"line":48,"column":22},"end":{"line":48,"column":45}},"loc":{"start":{"line":48,"column":48},"end":{"line":57,"column":13}},"line":48},"7":{"name":"(anonymous_7)","decl":{"start":{"line":64,"column":32},"end":{"line":64,"column":33}},"loc":{"start":{"line":64,"column":38},"end":{"line":124,"column":5}},"line":64},"8":{"name":"(anonymous_8)","decl":{"start":{"line":65,"column":48},"end":{"line":65,"column":49}},"loc":{"start":{"line":65,"column":60},"end":{"line":74,"column":9}},"line":65},"9":{"name":"(anonymous_9)","decl":{"start":{"line":76,"column":50},"end":{"line":76,"column":51}},"loc":{"start":{"line":76,"column":62},"end":{"line":123,"column":9}},"line":76},"10":{"name":"(anonymous_10)","decl":{"start":{"line":126,"column":31},"end":{"line":126,"column":32}},"loc":{"start":{"line":126,"column":37},"end":{"line":150,"column":5}},"line":126},"11":{"name":"(anonymous_11)","decl":{"start":{"line":127,"column":47},"end":{"line":127,"column":48}},"loc":{"start":{"line":127,"column":59},"end":{"line":138,"column":9}},"line":127},"12":{"name":"(anonymous_12)","decl":{"start":{"line":140,"column":49},"end":{"line":140,"column":50}},"loc":{"start":{"line":140,"column":61},"end":{"line":149,"column":9}},"line":140},"13":{"name":"(anonymous_13)","decl":{"start":{"line":152,"column":30},"end":{"line":152,"column":31}},"loc":{"start":{"line":152,"column":36},"end":{"line":180,"column":5}},"line":152},"14":{"name":"(anonymous_14)","decl":{"start":{"line":153,"column":46},"end":{"line":153,"column":47}},"loc":{"start":{"line":153,"column":58},"end":{"line":163,"column":9}},"line":153},"15":{"name":"(anonymous_15)","decl":{"start":{"line":165,"column":48},"end":{"line":165,"column":49}},"loc":{"start":{"line":165,"column":60},"end":{"line":179,"column":9}},"line":165},"16":{"name":"(anonymous_16)","decl":{"start":{"line":182,"column":36},"end":{"line":182,"column":37}},"loc":{"start":{"line":182,"column":42},"end":{"line":209,"column":5}},"line":182},"17":{"name":"(anonymous_17)","decl":{"start":{"line":183,"column":52},"end":{"line":183,"column":53}},"loc":{"start":{"line":183,"column":64},"end":{"line":193,"column":9}},"line":183},"18":{"name":"(anonymous_18)","decl":{"start":{"line":195,"column":54},"end":{"line":195,"column":55}},"loc":{"start":{"line":195,"column":66},"end":{"line":208,"column":9}},"line":195},"19":{"name":"(anonymous_19)","decl":{"start":{"line":211,"column":34},"end":{"line":211,"column":35}},"loc":{"start":{"line":211,"column":40},"end":{"line":272,"column":5}},"line":211},"20":{"name":"(anonymous_20)","decl":{"start":{"line":212,"column":50},"end":{"line":212,"column":51}},"loc":{"start":{"line":212,"column":62},"end":{"line":220,"column":9}},"line":212},"21":{"name":"(anonymous_21)","decl":{"start":{"line":222,"column":52},"end":{"line":222,"column":53}},"loc":{"start":{"line":222,"column":64},"end":{"line":243,"column":9}},"line":222},"22":{"name":"(anonymous_22)","decl":{"start":{"line":245,"column":71},"end":{"line":245,"column":72}},"loc":{"start":{"line":245,"column":83},"end":{"line":271,"column":9}},"line":245},"23":{"name":"(anonymous_23)","decl":{"start":{"line":247,"column":59},"end":{"line":247,"column":60}},"loc":{"start":{"line":247,"column":75},"end":{"line":252,"column":13}},"line":247}},"branchMap":{"0":{"loc":{"start":{"line":26,"column":12},"end":{"line":28,"column":13}},"type":"if","locations":[{"start":{"line":26,"column":12},"end":{"line":28,"column":13}},{"start":{"line":26,"column":12},"end":{"line":28,"column":13}}],"line":26},"1":{"loc":{"start":{"line":34,"column":12},"end":{"line":36,"column":13}},"type":"if","locations":[{"start":{"line":34,"column":12},"end":{"line":36,"column":13}},{"start":{"line":34,"column":12},"end":{"line":36,"column":13}}],"line":34},"2":{"loc":{"start":{"line":41,"column":12},"end":{"line":43,"column":13}},"type":"if","locations":[{"start":{"line":41,"column":12},"end":{"line":43,"column":13}},{"start":{"line":41,"column":12},"end":{"line":43,"column":13}}],"line":41},"3":{"loc":{"start":{"line":49,"column":16},"end":{"line":56,"column":17}},"type":"if","locations":[{"start":{"line":49,"column":16},"end":{"line":56,"column":17}},{"start":{"line":49,"column":16},"end":{"line":56,"column":17}}],"line":49},"4":{"loc":{"start":{"line":248,"column":16},"end":{"line":250,"column":17}},"type":"if","locations":[{"start":{"line":248,"column":16},"end":{"line":250,"column":17}},{"start":{"line":248,"column":16},"end":{"line":250,"column":17}}],"line":248}},"s":{"0":0,"1":0,"2":0,"3":0,"4":0,"5":0,"6":0,"7":0,"8":0,"9":0,"10":0,"11":0,"12":0,"13":0,"14":0,"15":0,"16":0,"17":0,"18":0,"19":0,"20":0,"21":0,"22":0,"23":0,"24":0,"25":0,"26":0,"27":0,"28":0,"29":0,"30":0,"31":0,"32":0,"33":0,"34":0,"35":0,"36":0,"37":0,"38":0,"39":0,"40":0,"41":0,"42":0,"43":0,"44":0,"45":0,"46":0,"47":0,"48":0,"49":0,"50":0,"51":0,"52":0,"53":0,"54":0,"55":0,"56":0,"57":0,"58":0,"59":0,"60":0,"61":0,"62":0,"63":0,"64":0,"65":0,"66":0,"67":0,"68":0,"69":0,"70":0,"71":0,"72":0,"73":0,"74":0,"75":0,"76":0,"77":0,"78":0,"79":0,"80":0,"81":0,"82":0,"83":0,"84":0,"85":0,"86":0,"87":0,"88":0,"89":0,"90":0,"91":0,"92":0,"93":0,"94":0,"95":0,"96":0,"97":0,"98":0,"99":0,"100":0,"101":0,"102":0,"103":0,"104":0,"105":0,"106":0,"107":0,"108":0,"109":0,"110":0,"111":0,"112":0,"113":0,"114":0,"115":0,"116":0,"117":0,"118":0,"119":0,"120":0,"121":0,"122":0,"123":0,"124":0,"125":0,"126":0,"127":0,"128":0,"129":0,"130":0,"131":0,"132":0,"133":0,"134":0,"135":0,"136":0},"f":{"0":0,"1":0,"2":0,"3":0,"4":0,"5":0,"6":0,"7":0,"8":0,"9":0,"10":0,"11":0,"12":0,"13":0,"14":0,"15":0,"16":0,"17":0,"18":0,"19":0,"20":0,"21":0,"22":0,"23":0},"b":{"0":[0,0],"1":[0,0],"2":[0,0],"3":[0,0],"4":[0,0]}}}