{"/home/zhasni/RTE-ENEDIS/star-2.3.3/chaincode/fabcar/typescript/test/fabcar.spec.ts":{"path":"/home/zhasni/RTE-ENEDIS/star-2.3.3/chaincode/fabcar/typescript/test/fabcar.spec.ts","statementMap":{"0":{"start":{"line":2,"column":0},"end":{"line":2,"column":62}},"1":{"start":{"line":3,"column":14},"end":{"line":3,"column":30}},"2":{"start":{"line":4,"column":13},"end":{"line":4,"column":28}},"3":{"start":{"line":5,"column":18},"end":{"line":5,"column":39}},"4":{"start":{"line":6,"column":15},"end":{"line":6,"column":26}},"5":{"start":{"line":7,"column":30},"end":{"line":7,"column":60}},"6":{"start":{"line":8,"column":22},"end":{"line":8,"column":44}},"7":{"start":{"line":9,"column":17},"end":{"line":9,"column":41}},"8":{"start":{"line":10,"column":13},"end":{"line":10,"column":25}},"9":{"start":{"line":11,"column":0},"end":{"line":11,"column":20}},"10":{"start":{"line":12,"column":0},"end":{"line":236,"column":3}},"11":{"start":{"line":14,"column":4},"end":{"line":49,"column":7}},"12":{"start":{"line":15,"column":8},"end":{"line":15,"column":65}},"13":{"start":{"line":16,"column":8},"end":{"line":16,"column":78}},"14":{"start":{"line":17,"column":8},"end":{"line":17,"column":59}},"15":{"start":{"line":18,"column":8},"end":{"line":23,"column":11}},"16":{"start":{"line":19,"column":12},"end":{"line":21,"column":13}},"17":{"start":{"line":20,"column":16},"end":{"line":20,"column":42}},"18":{"start":{"line":22,"column":12},"end":{"line":22,"column":46}},"19":{"start":{"line":24,"column":8},"end":{"line":30,"column":11}},"20":{"start":{"line":26,"column":12},"end":{"line":28,"column":13}},"21":{"start":{"line":27,"column":16},"end":{"line":27,"column":48}},"22":{"start":{"line":29,"column":12},"end":{"line":29,"column":40}},"23":{"start":{"line":31,"column":8},"end":{"line":36,"column":11}},"24":{"start":{"line":32,"column":12},"end":{"line":34,"column":13}},"25":{"start":{"line":33,"column":16},"end":{"line":33,"column":49}},"26":{"start":{"line":35,"column":12},"end":{"line":35,"column":40}},"27":{"start":{"line":37,"column":8},"end":{"line":48,"column":11}},"28":{"start":{"line":39,"column":16},"end":{"line":45,"column":17}},"29":{"start":{"line":41,"column":35},"end":{"line":41,"column":74}},"30":{"start":{"line":42,"column":20},"end":{"line":44,"column":21}},"31":{"start":{"line":43,"column":24},"end":{"line":43,"column":53}},"32":{"start":{"line":47,"column":12},"end":{"line":47,"column":62}},"33":{"start":{"line":50,"column":4},"end":{"line":109,"column":7}},"34":{"start":{"line":51,"column":8},"end":{"line":61,"column":11}},"35":{"start":{"line":52,"column":12},"end":{"line":52,"column":67}},"36":{"start":{"line":53,"column":25},"end":{"line":53,"column":46}},"37":{"start":{"line":54,"column":12},"end":{"line":60,"column":13}},"38":{"start":{"line":55,"column":16},"end":{"line":55,"column":60}},"39":{"start":{"line":59,"column":16},"end":{"line":59,"column":66}},"40":{"start":{"line":62,"column":8},"end":{"line":108,"column":11}},"41":{"start":{"line":63,"column":25},"end":{"line":74,"column":13}},"42":{"start":{"line":75,"column":25},"end":{"line":75,"column":46}},"43":{"start":{"line":76,"column":12},"end":{"line":76,"column":56}},"44":{"start":{"line":77,"column":22},"end":{"line":77,"column":83}},"45":{"start":{"line":80,"column":12},"end":{"line":80,"column":75}},"46":{"start":{"line":81,"column":12},"end":{"line":81,"column":80}},"47":{"start":{"line":83,"column":12},"end":{"line":83,"column":75}},"48":{"start":{"line":84,"column":12},"end":{"line":84,"column":80}},"49":{"start":{"line":86,"column":12},"end":{"line":86,"column":75}},"50":{"start":{"line":87,"column":12},"end":{"line":87,"column":80}},"51":{"start":{"line":89,"column":12},"end":{"line":89,"column":75}},"52":{"start":{"line":90,"column":12},"end":{"line":90,"column":80}},"53":{"start":{"line":92,"column":12},"end":{"line":92,"column":75}},"54":{"start":{"line":93,"column":12},"end":{"line":93,"column":80}},"55":{"start":{"line":95,"column":12},"end":{"line":95,"column":75}},"56":{"start":{"line":96,"column":12},"end":{"line":96,"column":80}},"57":{"start":{"line":98,"column":12},"end":{"line":98,"column":75}},"58":{"start":{"line":99,"column":12},"end":{"line":99,"column":80}},"59":{"start":{"line":101,"column":12},"end":{"line":101,"column":75}},"60":{"start":{"line":102,"column":12},"end":{"line":102,"column":80}},"61":{"start":{"line":104,"column":12},"end":{"line":104,"column":75}},"62":{"start":{"line":105,"column":12},"end":{"line":105,"column":80}},"63":{"start":{"line":107,"column":12},"end":{"line":107,"column":75}},"64":{"start":{"line":110,"column":4},"end":{"line":131,"column":7}},"65":{"start":{"line":111,"column":8},"end":{"line":122,"column":11}},"66":{"start":{"line":112,"column":12},"end":{"line":112,"column":67}},"67":{"start":{"line":113,"column":25},"end":{"line":113,"column":46}},"68":{"start":{"line":114,"column":12},"end":{"line":121,"column":13}},"69":{"start":{"line":115,"column":16},"end":{"line":115,"column":100}},"70":{"start":{"line":119,"column":16},"end":{"line":119,"column":46}},"71":{"start":{"line":120,"column":16},"end":{"line":120,"column":66}},"72":{"start":{"line":123,"column":8},"end":{"line":130,"column":11}},"73":{"start":{"line":124,"column":25},"end":{"line":124,"column":46}},"74":{"start":{"line":125,"column":25},"end":{"line":125,"column":89}},"75":{"start":{"line":126,"column":12},"end":{"line":126,"column":56}},"76":{"start":{"line":127,"column":12},"end":{"line":127,"column":96}},"77":{"start":{"line":128,"column":22},"end":{"line":128,"column":84}},"78":{"start":{"line":129,"column":12},"end":{"line":129,"column":75}},"79":{"start":{"line":132,"column":4},"end":{"line":158,"column":7}},"80":{"start":{"line":133,"column":8},"end":{"line":143,"column":11}},"81":{"start":{"line":134,"column":25},"end":{"line":134,"column":46}},"82":{"start":{"line":135,"column":12},"end":{"line":135,"column":96}},"83":{"start":{"line":136,"column":12},"end":{"line":142,"column":13}},"84":{"start":{"line":137,"column":16},"end":{"line":137,"column":67}},"85":{"start":{"line":141,"column":16},"end":{"line":141,"column":69}},"86":{"start":{"line":144,"column":8},"end":{"line":157,"column":11}},"87":{"start":{"line":145,"column":25},"end":{"line":145,"column":46}},"88":{"start":{"line":146,"column":12},"end":{"line":146,"column":56}},"89":{"start":{"line":147,"column":25},"end":{"line":149,"column":13}},"90":{"start":{"line":150,"column":23},"end":{"line":150,"column":84}},"91":{"start":{"line":153,"column":12},"end":{"line":153,"column":76}},"92":{"start":{"line":154,"column":22},"end":{"line":154,"column":70}},"93":{"start":{"line":156,"column":12},"end":{"line":156,"column":75}},"94":{"start":{"line":159,"column":4},"end":{"line":184,"column":7}},"95":{"start":{"line":160,"column":8},"end":{"line":170,"column":11}},"96":{"start":{"line":161,"column":25},"end":{"line":161,"column":46}},"97":{"start":{"line":162,"column":12},"end":{"line":162,"column":96}},"98":{"start":{"line":163,"column":12},"end":{"line":169,"column":13}},"99":{"start":{"line":164,"column":16},"end":{"line":164,"column":81}},"100":{"start":{"line":168,"column":16},"end":{"line":168,"column":69}},"101":{"start":{"line":171,"column":8},"end":{"line":183,"column":11}},"102":{"start":{"line":172,"column":25},"end":{"line":172,"column":46}},"103":{"start":{"line":173,"column":12},"end":{"line":173,"column":56}},"104":{"start":{"line":174,"column":12},"end":{"line":174,"column":76}},"105":{"start":{"line":175,"column":22},"end":{"line":175,"column":70}},"106":{"start":{"line":176,"column":27},"end":{"line":181,"column":13}},"107":{"start":{"line":182,"column":12},"end":{"line":182,"column":76}},"108":{"start":{"line":185,"column":4},"end":{"line":235,"column":7}},"109":{"start":{"line":186,"column":8},"end":{"line":193,"column":11}},"110":{"start":{"line":187,"column":25},"end":{"line":187,"column":46}},"111":{"start":{"line":188,"column":22},"end":{"line":188,"column":61}},"112":{"start":{"line":189,"column":12},"end":{"line":189,"column":34}},"113":{"start":{"line":191,"column":12},"end":{"line":191,"column":43}},"114":{"start":{"line":192,"column":12},"end":{"line":192,"column":35}},"115":{"start":{"line":194,"column":8},"end":{"line":211,"column":11}},"116":{"start":{"line":195,"column":25},"end":{"line":195,"column":46}},"117":{"start":{"line":196,"column":12},"end":{"line":196,"column":100}},"118":{"start":{"line":197,"column":12},"end":{"line":197,"column":97}},"119":{"start":{"line":198,"column":12},"end":{"line":198,"column":104}},"120":{"start":{"line":199,"column":12},"end":{"line":199,"column":104}},"121":{"start":{"line":200,"column":22},"end":{"line":200,"column":61}},"122":{"start":{"line":201,"column":12},"end":{"line":201,"column":34}},"123":{"start":{"line":203,"column":12},"end":{"line":203,"column":43}},"124":{"start":{"line":204,"column":29},"end":{"line":209,"column":13}},"125":{"start":{"line":210,"column":12},"end":{"line":210,"column":41}},"126":{"start":{"line":212,"column":8},"end":{"line":234,"column":11}},"127":{"start":{"line":213,"column":25},"end":{"line":213,"column":46}},"128":{"start":{"line":214,"column":12},"end":{"line":219,"column":15}},"129":{"start":{"line":215,"column":16},"end":{"line":217,"column":17}},"130":{"start":{"line":216,"column":20},"end":{"line":216,"column":46}},"131":{"start":{"line":218,"column":16},"end":{"line":218,"column":61}},"132":{"start":{"line":220,"column":12},"end":{"line":220,"column":100}},"133":{"start":{"line":221,"column":12},"end":{"line":221,"column":97}},"134":{"start":{"line":222,"column":12},"end":{"line":222,"column":104}},"135":{"start":{"line":223,"column":12},"end":{"line":223,"column":104}},"136":{"start":{"line":224,"column":22},"end":{"line":224,"column":61}},"137":{"start":{"line":225,"column":12},"end":{"line":225,"column":34}},"138":{"start":{"line":226,"column":12},"end":{"line":226,"column":43}},"139":{"start":{"line":227,"column":29},"end":{"line":232,"column":13}},"140":{"start":{"line":233,"column":12},"end":{"line":233,"column":41}}},"fnMap":{"0":{"name":"(anonymous_0)","decl":{"start":{"line":12,"column":25},"end":{"line":12,"column":26}},"loc":{"start":{"line":12,"column":31},"end":{"line":236,"column":1}},"line":12},"1":{"name":"(anonymous_1)","decl":{"start":{"line":14,"column":15},"end":{"line":14,"column":16}},"loc":{"start":{"line":14,"column":21},"end":{"line":49,"column":5}},"line":14},"2":{"name":"(anonymous_2)","decl":{"start":{"line":18,"column":41},"end":{"line":18,"column":42}},"loc":{"start":{"line":18,"column":57},"end":{"line":23,"column":9}},"line":18},"3":{"name":"(anonymous_3)","decl":{"start":{"line":24,"column":41},"end":{"line":24,"column":42}},"loc":{"start":{"line":24,"column":56},"end":{"line":30,"column":9}},"line":24},"4":{"name":"(anonymous_4)","decl":{"start":{"line":31,"column":44},"end":{"line":31,"column":45}},"loc":{"start":{"line":31,"column":59},"end":{"line":36,"column":9}},"line":31},"5":{"name":"(anonymous_5)","decl":{"start":{"line":37,"column":48},"end":{"line":37,"column":49}},"loc":{"start":{"line":37,"column":60},"end":{"line":48,"column":9}},"line":37},"6":{"name":"internalGetStateByRange","decl":{"start":{"line":38,"column":22},"end":{"line":38,"column":45}},"loc":{"start":{"line":38,"column":48},"end":{"line":46,"column":13}},"line":38},"7":{"name":"(anonymous_7)","decl":{"start":{"line":50,"column":32},"end":{"line":50,"column":33}},"loc":{"start":{"line":50,"column":38},"end":{"line":109,"column":5}},"line":50},"8":{"name":"(anonymous_8)","decl":{"start":{"line":51,"column":48},"end":{"line":51,"column":49}},"loc":{"start":{"line":51,"column":60},"end":{"line":61,"column":9}},"line":51},"9":{"name":"(anonymous_9)","decl":{"start":{"line":62,"column":50},"end":{"line":62,"column":51}},"loc":{"start":{"line":62,"column":62},"end":{"line":108,"column":9}},"line":62},"10":{"name":"(anonymous_10)","decl":{"start":{"line":110,"column":31},"end":{"line":110,"column":32}},"loc":{"start":{"line":110,"column":37},"end":{"line":131,"column":5}},"line":110},"11":{"name":"(anonymous_11)","decl":{"start":{"line":111,"column":47},"end":{"line":111,"column":48}},"loc":{"start":{"line":111,"column":59},"end":{"line":122,"column":9}},"line":111},"12":{"name":"(anonymous_12)","decl":{"start":{"line":123,"column":49},"end":{"line":123,"column":50}},"loc":{"start":{"line":123,"column":61},"end":{"line":130,"column":9}},"line":123},"13":{"name":"(anonymous_13)","decl":{"start":{"line":132,"column":30},"end":{"line":132,"column":31}},"loc":{"start":{"line":132,"column":36},"end":{"line":158,"column":5}},"line":132},"14":{"name":"(anonymous_14)","decl":{"start":{"line":133,"column":46},"end":{"line":133,"column":47}},"loc":{"start":{"line":133,"column":58},"end":{"line":143,"column":9}},"line":133},"15":{"name":"(anonymous_15)","decl":{"start":{"line":144,"column":48},"end":{"line":144,"column":49}},"loc":{"start":{"line":144,"column":60},"end":{"line":157,"column":9}},"line":144},"16":{"name":"(anonymous_16)","decl":{"start":{"line":159,"column":36},"end":{"line":159,"column":37}},"loc":{"start":{"line":159,"column":42},"end":{"line":184,"column":5}},"line":159},"17":{"name":"(anonymous_17)","decl":{"start":{"line":160,"column":52},"end":{"line":160,"column":53}},"loc":{"start":{"line":160,"column":64},"end":{"line":170,"column":9}},"line":160},"18":{"name":"(anonymous_18)","decl":{"start":{"line":171,"column":54},"end":{"line":171,"column":55}},"loc":{"start":{"line":171,"column":66},"end":{"line":183,"column":9}},"line":171},"19":{"name":"(anonymous_19)","decl":{"start":{"line":185,"column":34},"end":{"line":185,"column":35}},"loc":{"start":{"line":185,"column":40},"end":{"line":235,"column":5}},"line":185},"20":{"name":"(anonymous_20)","decl":{"start":{"line":186,"column":50},"end":{"line":186,"column":51}},"loc":{"start":{"line":186,"column":62},"end":{"line":193,"column":9}},"line":186},"21":{"name":"(anonymous_21)","decl":{"start":{"line":194,"column":52},"end":{"line":194,"column":53}},"loc":{"start":{"line":194,"column":64},"end":{"line":211,"column":9}},"line":194},"22":{"name":"(anonymous_22)","decl":{"start":{"line":212,"column":71},"end":{"line":212,"column":72}},"loc":{"start":{"line":212,"column":83},"end":{"line":234,"column":9}},"line":212},"23":{"name":"(anonymous_23)","decl":{"start":{"line":214,"column":59},"end":{"line":214,"column":60}},"loc":{"start":{"line":214,"column":75},"end":{"line":219,"column":13}},"line":214}},"branchMap":{"0":{"loc":{"start":{"line":19,"column":12},"end":{"line":21,"column":13}},"type":"if","locations":[{"start":{"line":19,"column":12},"end":{"line":21,"column":13}},{"start":{"line":19,"column":12},"end":{"line":21,"column":13}}],"line":19},"1":{"loc":{"start":{"line":26,"column":12},"end":{"line":28,"column":13}},"type":"if","locations":[{"start":{"line":26,"column":12},"end":{"line":28,"column":13}},{"start":{"line":26,"column":12},"end":{"line":28,"column":13}}],"line":26},"2":{"loc":{"start":{"line":32,"column":12},"end":{"line":34,"column":13}},"type":"if","locations":[{"start":{"line":32,"column":12},"end":{"line":34,"column":13}},{"start":{"line":32,"column":12},"end":{"line":34,"column":13}}],"line":32},"3":{"loc":{"start":{"line":39,"column":16},"end":{"line":45,"column":17}},"type":"if","locations":[{"start":{"line":39,"column":16},"end":{"line":45,"column":17}},{"start":{"line":39,"column":16},"end":{"line":45,"column":17}}],"line":39},"4":{"loc":{"start":{"line":215,"column":16},"end":{"line":217,"column":17}},"type":"if","locations":[{"start":{"line":215,"column":16},"end":{"line":217,"column":17}},{"start":{"line":215,"column":16},"end":{"line":217,"column":17}}],"line":215}},"s":{"0":1,"1":1,"2":1,"3":1,"4":1,"5":1,"6":1,"7":1,"8":1,"9":1,"10":1,"11":1,"12":11,"13":11,"14":11,"15":11,"16":51,"17":7,"18":51,"19":11,"20":17,"21":17,"22":17,"23":11,"24":0,"25":0,"26":0,"27":11,"28":3,"29":2,"30":2,"31":8,"32":3,"33":1,"34":1,"35":1,"36":1,"37":1,"38":1,"39":1,"40":1,"41":1,"42":1,"43":1,"44":1,"45":1,"46":1,"47":1,"48":1,"49":1,"50":1,"51":1,"52":1,"53":1,"54":1,"55":1,"56":1,"57":1,"58":1,"59":1,"60":1,"61":1,"62":1,"63":1,"64":1,"65":1,"66":1,"67":1,"68":1,"69":1,"70":1,"71":1,"72":1,"73":1,"74":1,"75":1,"76":1,"77":1,"78":1,"79":1,"80":1,"81":1,"82":1,"83":1,"84":1,"85":1,"86":1,"87":1,"88":1,"89":1,"90":1,"91":1,"92":1,"93":1,"94":1,"95":1,"96":1,"97":1,"98":1,"99":1,"100":1,"101":1,"102":1,"103":1,"104":1,"105":1,"106":1,"107":1,"108":1,"109":1,"110":1,"111":1,"112":1,"113":1,"114":1,"115":1,"116":1,"117":1,"118":1,"119":1,"120":1,"121":1,"122":1,"123":1,"124":1,"125":1,"126":1,"127":1,"128":1,"129":1,"130":1,"131":1,"132":1,"133":1,"134":1,"135":1,"136":1,"137":1,"138":1,"139":1,"140":1},"f":{"0":1,"1":11,"2":51,"3":17,"4":0,"5":3,"6":3,"7":1,"8":1,"9":1,"10":1,"11":1,"12":1,"13":1,"14":1,"15":1,"16":1,"17":1,"18":1,"19":1,"20":1,"21":1,"22":1,"23":1},"b":{"0":[7,44],"1":[17,0],"2":[0,0],"3":[2,1],"4":[1,0]},"_coverageSchema":"43e27e138ebf9cfc5966b082cf9a028302ed4184","hash":"360737bc40aa639c7ce1d40dfc53ad6b7bdd5dad","contentHash":"9e0341fc1a6a17e0593f2ad88b4eabb885d54afbdd4dcd6e1441292241dcc614"},"/home/zhasni/RTE-ENEDIS/star-2.3.3/chaincode/fabcar/typescript/src/fabcar.ts":{"path":"/home/zhasni/RTE-ENEDIS/star-2.3.3/chaincode/fabcar/typescript/src/fabcar.ts","statementMap":{"0":{"start":{"line":5,"column":0},"end":{"line":5,"column":62}},"1":{"start":{"line":6,"column":0},"end":{"line":6,"column":24}},"2":{"start":{"line":7,"column":30},"end":{"line":7,"column":60}},"3":{"start":{"line":10,"column":8},"end":{"line":10,"column":76}},"4":{"start":{"line":11,"column":21},"end":{"line":72,"column":9}},"5":{"start":{"line":73,"column":8},"end":{"line":77,"column":9}},"6":{"start":{"line":73,"column":21},"end":{"line":73,"column":22}},"7":{"start":{"line":74,"column":12},"end":{"line":74,"column":36}},"8":{"start":{"line":75,"column":12},"end":{"line":75,"column":85}},"9":{"start":{"line":76,"column":12},"end":{"line":76,"column":49}},"10":{"start":{"line":78,"column":8},"end":{"line":78,"column":74}},"11":{"start":{"line":81,"column":27},"end":{"line":81,"column":61}},"12":{"start":{"line":82,"column":8},"end":{"line":84,"column":9}},"13":{"start":{"line":83,"column":12},"end":{"line":83,"column":59}},"14":{"start":{"line":85,"column":8},"end":{"line":85,"column":37}},"15":{"start":{"line":88,"column":8},"end":{"line":88,"column":69}},"16":{"start":{"line":89,"column":20},"end":{"line":95,"column":9}},"17":{"start":{"line":96,"column":8},"end":{"line":96,"column":77}},"18":{"start":{"line":97,"column":8},"end":{"line":97,"column":67}},"19":{"start":{"line":100,"column":27},"end":{"line":100,"column":29}},"20":{"start":{"line":101,"column":25},"end":{"line":101,"column":63}},"21":{"start":{"line":102,"column":21},"end":{"line":102,"column":42}},"22":{"start":{"line":103,"column":8},"end":{"line":114,"column":9}},"23":{"start":{"line":104,"column":29},"end":{"line":104,"column":88}},"24":{"start":{"line":106,"column":12},"end":{"line":111,"column":13}},"25":{"start":{"line":107,"column":16},"end":{"line":107,"column":46}},"26":{"start":{"line":110,"column":16},"end":{"line":110,"column":34}},"27":{"start":{"line":112,"column":12},"end":{"line":112,"column":36}},"28":{"start":{"line":113,"column":12},"end":{"line":113,"column":43}},"29":{"start":{"line":115,"column":8},"end":{"line":115,"column":42}},"30":{"start":{"line":118,"column":8},"end":{"line":118,"column":73}},"31":{"start":{"line":119,"column":27},"end":{"line":119,"column":61}},"32":{"start":{"line":120,"column":8},"end":{"line":122,"column":9}},"33":{"start":{"line":121,"column":12},"end":{"line":121,"column":59}},"34":{"start":{"line":123,"column":20},"end":{"line":123,"column":53}},"35":{"start":{"line":124,"column":8},"end":{"line":124,"column":29}},"36":{"start":{"line":125,"column":8},"end":{"line":125,"column":77}},"37":{"start":{"line":126,"column":8},"end":{"line":126,"column":71}},"38":{"start":{"line":129,"column":0},"end":{"line":129,"column":24}}},"fnMap":{"0":{"name":"(anonymous_0)","decl":{"start":{"line":9,"column":4},"end":{"line":9,"column":5}},"loc":{"start":{"line":9,"column":26},"end":{"line":79,"column":5}},"line":9},"1":{"name":"(anonymous_1)","decl":{"start":{"line":80,"column":4},"end":{"line":80,"column":5}},"loc":{"start":{"line":80,"column":35},"end":{"line":86,"column":5}},"line":80},"2":{"name":"(anonymous_2)","decl":{"start":{"line":87,"column":4},"end":{"line":87,"column":5}},"loc":{"start":{"line":87,"column":63},"end":{"line":98,"column":5}},"line":87},"3":{"name":"(anonymous_3)","decl":{"start":{"line":99,"column":4},"end":{"line":99,"column":5}},"loc":{"start":{"line":99,"column":22},"end":{"line":116,"column":5}},"line":99},"4":{"name":"(anonymous_4)","decl":{"start":{"line":117,"column":4},"end":{"line":117,"column":5}},"loc":{"start":{"line":117,"column":51},"end":{"line":127,"column":5}},"line":117}},"branchMap":{"0":{"loc":{"start":{"line":82,"column":8},"end":{"line":84,"column":9}},"type":"if","locations":[{"start":{"line":82,"column":8},"end":{"line":84,"column":9}},{"start":{"line":82,"column":8},"end":{"line":84,"column":9}}],"line":82},"1":{"loc":{"start":{"line":82,"column":12},"end":{"line":82,"column":50}},"type":"binary-expr","locations":[{"start":{"line":82,"column":12},"end":{"line":82,"column":23}},{"start":{"line":82,"column":27},"end":{"line":82,"column":50}}],"line":82},"2":{"loc":{"start":{"line":120,"column":8},"end":{"line":122,"column":9}},"type":"if","locations":[{"start":{"line":120,"column":8},"end":{"line":122,"column":9}},{"start":{"line":120,"column":8},"end":{"line":122,"column":9}}],"line":120},"3":{"loc":{"start":{"line":120,"column":12},"end":{"line":120,"column":50}},"type":"binary-expr","locations":[{"start":{"line":120,"column":12},"end":{"line":120,"column":23}},{"start":{"line":120,"column":27},"end":{"line":120,"column":50}}],"line":120}},"s":{"0":1,"1":1,"2":1,"3":5,"4":5,"5":5,"6":5,"7":41,"8":41,"9":40,"10":4,"11":2,"12":2,"13":1,"14":1,"15":12,"16":12,"17":12,"18":11,"19":3,"20":3,"21":3,"22":3,"23":8,"24":8,"25":8,"26":1,"27":8,"28":8,"29":3,"30":2,"31":2,"32":2,"33":1,"34":1,"35":1,"36":1,"37":1,"38":1},"f":{"0":5,"1":2,"2":12,"3":3,"4":2},"b":{"0":[1,1],"1":[2,1],"2":[1,1],"3":[2,1]},"_coverageSchema":"43e27e138ebf9cfc5966b082cf9a028302ed4184","hash":"5d8c562b4964189b3bac376abe4ff1440b41b781","contentHash":"9e8cb262166a8b05496e4df85514e9e33032f0fe9415f459033855fcf3505876"}}