{"/home/zhasni/RTE-ENEDIS/star-2.3.3/chaincode/abstore_V2/typescript/src/index.ts":{"path":"/home/zhasni/RTE-ENEDIS/star-2.3.3/chaincode/abstore_V2/typescript/src/index.ts","statementMap":{"0":{"start":{"line":8,"column":32},"end":{"line":8,"column":43}}},"fnMap":{},"branchMap":{},"s":{"0":0},"f":{},"b":{}},"/home/zhasni/RTE-ENEDIS/star-2.3.3/chaincode/abstore_V2/typescript/test/abstore.spec.ts":{"path":"/home/zhasni/RTE-ENEDIS/star-2.3.3/chaincode/abstore_V2/typescript/test/abstore.spec.ts","statementMap":{"0":{"start":{"line":3,"column":14},"end":{"line":3,"column":30}},"1":{"start":{"line":4,"column":13},"end":{"line":4,"column":28}},"2":{"start":{"line":5,"column":18},"end":{"line":5,"column":39}},"3":{"start":{"line":6,"column":15},"end":{"line":6,"column":26}},"4":{"start":{"line":17,"column":13},"end":{"line":17,"column":25}},"5":{"start":{"line":18,"column":0},"end":{"line":18,"column":20}},"6":{"start":{"line":20,"column":0},"end":{"line":167,"column":3}},"7":{"start":{"line":22,"column":4},"end":{"line":65,"column":7}},"8":{"start":{"line":23,"column":8},"end":{"line":23,"column":43}},"9":{"start":{"line":25,"column":8},"end":{"line":25,"column":64}},"10":{"start":{"line":26,"column":8},"end":{"line":26,"column":59}},"11":{"start":{"line":28,"column":8},"end":{"line":33,"column":11}},"12":{"start":{"line":29,"column":12},"end":{"line":31,"column":13}},"13":{"start":{"line":30,"column":16},"end":{"line":30,"column":42}},"14":{"start":{"line":32,"column":12},"end":{"line":32,"column":46}},"15":{"start":{"line":35,"column":8},"end":{"line":41,"column":11}},"16":{"start":{"line":37,"column":12},"end":{"line":39,"column":13}},"17":{"start":{"line":38,"column":16},"end":{"line":38,"column":48}},"18":{"start":{"line":40,"column":12},"end":{"line":40,"column":40}},"19":{"start":{"line":43,"column":8},"end":{"line":48,"column":11}},"20":{"start":{"line":44,"column":12},"end":{"line":46,"column":13}},"21":{"start":{"line":45,"column":16},"end":{"line":45,"column":49}},"22":{"start":{"line":47,"column":12},"end":{"line":47,"column":40}},"23":{"start":{"line":50,"column":8},"end":{"line":63,"column":11}},"24":{"start":{"line":52,"column":16},"end":{"line":59,"column":17}},"25":{"start":{"line":54,"column":35},"end":{"line":54,"column":74}},"26":{"start":{"line":56,"column":20},"end":{"line":58,"column":21}},"27":{"start":{"line":57,"column":24},"end":{"line":57,"column":51}},"28":{"start":{"line":62,"column":12},"end":{"line":62,"column":62}},"29":{"start":{"line":67,"column":4},"end":{"line":92,"column":7}},"30":{"start":{"line":82,"column":8},"end":{"line":91,"column":11}},"31":{"start":{"line":83,"column":26},"end":{"line":83,"column":39}},"32":{"start":{"line":84,"column":12},"end":{"line":84,"column":51}},"33":{"start":{"line":85,"column":22},"end":{"line":85,"column":80}},"34":{"start":{"line":87,"column":12},"end":{"line":87,"column":36}},"35":{"start":{"line":88,"column":12},"end":{"line":88,"column":77}},"36":{"start":{"line":90,"column":12},"end":{"line":90,"column":36}},"37":{"start":{"line":94,"column":4},"end":{"line":117,"column":7}},"38":{"start":{"line":108,"column":8},"end":{"line":116,"column":11}},"39":{"start":{"line":109,"column":26},"end":{"line":109,"column":39}},"40":{"start":{"line":111,"column":12},"end":{"line":111,"column":51}},"41":{"start":{"line":112,"column":12},"end":{"line":112,"column":71}},"42":{"start":{"line":114,"column":22},"end":{"line":114,"column":80}},"43":{"start":{"line":115,"column":12},"end":{"line":115,"column":35}},"44":{"start":{"line":119,"column":4},"end":{"line":140,"column":7}},"45":{"start":{"line":132,"column":8},"end":{"line":139,"column":11}},"46":{"start":{"line":133,"column":26},"end":{"line":133,"column":39}},"47":{"start":{"line":134,"column":12},"end":{"line":134,"column":51}},"48":{"start":{"line":135,"column":23},"end":{"line":135,"column":80}},"49":{"start":{"line":136,"column":12},"end":{"line":136,"column":38}},"50":{"start":{"line":137,"column":22},"end":{"line":137,"column":67}},"51":{"start":{"line":138,"column":12},"end":{"line":138,"column":36}},"52":{"start":{"line":142,"column":4},"end":{"line":165,"column":7}},"53":{"start":{"line":155,"column":8},"end":{"line":164,"column":11}},"54":{"start":{"line":156,"column":26},"end":{"line":156,"column":39}},"55":{"start":{"line":158,"column":12},"end":{"line":158,"column":51}},"56":{"start":{"line":159,"column":12},"end":{"line":159,"column":60}},"57":{"start":{"line":160,"column":22},"end":{"line":160,"column":55}},"58":{"start":{"line":161,"column":12},"end":{"line":161,"column":44}},"59":{"start":{"line":162,"column":12},"end":{"line":162,"column":64}},"60":{"start":{"line":163,"column":12},"end":{"line":163,"column":38}}},"fnMap":{"0":{"name":"(anonymous_0)","decl":{"start":{"line":20,"column":26},"end":{"line":20,"column":27}},"loc":{"start":{"line":20,"column":32},"end":{"line":167,"column":1}},"line":20},"1":{"name":"(anonymous_1)","decl":{"start":{"line":22,"column":15},"end":{"line":22,"column":16}},"loc":{"start":{"line":22,"column":21},"end":{"line":65,"column":5}},"line":22},"2":{"name":"(anonymous_2)","decl":{"start":{"line":28,"column":41},"end":{"line":28,"column":42}},"loc":{"start":{"line":28,"column":57},"end":{"line":33,"column":9}},"line":28},"3":{"name":"(anonymous_3)","decl":{"start":{"line":35,"column":41},"end":{"line":35,"column":42}},"loc":{"start":{"line":35,"column":56},"end":{"line":41,"column":9}},"line":35},"4":{"name":"(anonymous_4)","decl":{"start":{"line":43,"column":44},"end":{"line":43,"column":45}},"loc":{"start":{"line":43,"column":59},"end":{"line":48,"column":9}},"line":43},"5":{"name":"(anonymous_5)","decl":{"start":{"line":50,"column":48},"end":{"line":50,"column":49}},"loc":{"start":{"line":50,"column":60},"end":{"line":63,"column":9}},"line":50},"6":{"name":"internalGetStateByRange","decl":{"start":{"line":51,"column":22},"end":{"line":51,"column":45}},"loc":{"start":{"line":51,"column":48},"end":{"line":60,"column":13}},"line":51},"7":{"name":"(anonymous_7)","decl":{"start":{"line":67,"column":32},"end":{"line":67,"column":33}},"loc":{"start":{"line":67,"column":38},"end":{"line":92,"column":5}},"line":67},"8":{"name":"(anonymous_8)","decl":{"start":{"line":82,"column":50},"end":{"line":82,"column":51}},"loc":{"start":{"line":82,"column":62},"end":{"line":91,"column":9}},"line":82},"9":{"name":"(anonymous_9)","decl":{"start":{"line":94,"column":28},"end":{"line":94,"column":29}},"loc":{"start":{"line":94,"column":34},"end":{"line":117,"column":5}},"line":94},"10":{"name":"(anonymous_10)","decl":{"start":{"line":108,"column":46},"end":{"line":108,"column":47}},"loc":{"start":{"line":108,"column":58},"end":{"line":116,"column":9}},"line":108},"11":{"name":"(anonymous_11)","decl":{"start":{"line":119,"column":27},"end":{"line":119,"column":28}},"loc":{"start":{"line":119,"column":33},"end":{"line":140,"column":5}},"line":119},"12":{"name":"(anonymous_12)","decl":{"start":{"line":132,"column":45},"end":{"line":132,"column":46}},"loc":{"start":{"line":132,"column":57},"end":{"line":139,"column":9}},"line":132},"13":{"name":"(anonymous_13)","decl":{"start":{"line":142,"column":28},"end":{"line":142,"column":29}},"loc":{"start":{"line":142,"column":34},"end":{"line":165,"column":5}},"line":142},"14":{"name":"(anonymous_14)","decl":{"start":{"line":155,"column":46},"end":{"line":155,"column":47}},"loc":{"start":{"line":155,"column":58},"end":{"line":164,"column":9}},"line":155}},"branchMap":{"0":{"loc":{"start":{"line":29,"column":12},"end":{"line":31,"column":13}},"type":"if","locations":[{"start":{"line":29,"column":12},"end":{"line":31,"column":13}},{"start":{"line":29,"column":12},"end":{"line":31,"column":13}}],"line":29},"1":{"loc":{"start":{"line":37,"column":12},"end":{"line":39,"column":13}},"type":"if","locations":[{"start":{"line":37,"column":12},"end":{"line":39,"column":13}},{"start":{"line":37,"column":12},"end":{"line":39,"column":13}}],"line":37},"2":{"loc":{"start":{"line":44,"column":12},"end":{"line":46,"column":13}},"type":"if","locations":[{"start":{"line":44,"column":12},"end":{"line":46,"column":13}},{"start":{"line":44,"column":12},"end":{"line":46,"column":13}}],"line":44},"3":{"loc":{"start":{"line":52,"column":16},"end":{"line":59,"column":17}},"type":"if","locations":[{"start":{"line":52,"column":16},"end":{"line":59,"column":17}},{"start":{"line":52,"column":16},"end":{"line":59,"column":17}}],"line":52}},"s":{"0":0,"1":0,"2":0,"3":0,"4":0,"5":0,"6":0,"7":0,"8":0,"9":0,"10":0,"11":0,"12":0,"13":0,"14":0,"15":0,"16":0,"17":0,"18":0,"19":0,"20":0,"21":0,"22":0,"23":0,"24":0,"25":0,"26":0,"27":0,"28":0,"29":0,"30":0,"31":0,"32":0,"33":0,"34":0,"35":0,"36":0,"37":0,"38":0,"39":0,"40":0,"41":0,"42":0,"43":0,"44":0,"45":0,"46":0,"47":0,"48":0,"49":0,"50":0,"51":0,"52":0,"53":0,"54":0,"55":0,"56":0,"57":0,"58":0,"59":0,"60":0},"f":{"0":0,"1":0,"2":0,"3":0,"4":0,"5":0,"6":0,"7":0,"8":0,"9":0,"10":0,"11":0,"12":0,"13":0,"14":0},"b":{"0":[0,0],"1":[0,0],"2":[0,0],"3":[0,0]}}}