{"/home/zhasni/RTE-ENEDIS/star-2.3.3/chaincode/abstore/typescript/test/abstore.spec.ts":{"path":"/home/zhasni/RTE-ENEDIS/star-2.3.3/chaincode/abstore/typescript/test/abstore.spec.ts","statementMap":{"0":{"start":{"line":2,"column":0},"end":{"line":2,"column":62}},"1":{"start":{"line":3,"column":14},"end":{"line":3,"column":30}},"2":{"start":{"line":4,"column":13},"end":{"line":4,"column":28}},"3":{"start":{"line":5,"column":18},"end":{"line":5,"column":39}},"4":{"start":{"line":6,"column":15},"end":{"line":6,"column":26}},"5":{"start":{"line":7,"column":30},"end":{"line":7,"column":60}},"6":{"start":{"line":8,"column":22},"end":{"line":8,"column":44}},"7":{"start":{"line":12,"column":18},"end":{"line":12,"column":43}},"8":{"start":{"line":13,"column":13},"end":{"line":13,"column":25}},"9":{"start":{"line":14,"column":0},"end":{"line":14,"column":20}},"10":{"start":{"line":15,"column":0},"end":{"line":153,"column":3}},"11":{"start":{"line":17,"column":4},"end":{"line":52,"column":7}},"12":{"start":{"line":18,"column":8},"end":{"line":18,"column":65}},"13":{"start":{"line":19,"column":8},"end":{"line":19,"column":78}},"14":{"start":{"line":20,"column":8},"end":{"line":20,"column":59}},"15":{"start":{"line":21,"column":8},"end":{"line":26,"column":11}},"16":{"start":{"line":22,"column":12},"end":{"line":24,"column":13}},"17":{"start":{"line":23,"column":16},"end":{"line":23,"column":42}},"18":{"start":{"line":25,"column":12},"end":{"line":25,"column":46}},"19":{"start":{"line":27,"column":8},"end":{"line":33,"column":11}},"20":{"start":{"line":29,"column":12},"end":{"line":31,"column":13}},"21":{"start":{"line":30,"column":16},"end":{"line":30,"column":48}},"22":{"start":{"line":32,"column":12},"end":{"line":32,"column":40}},"23":{"start":{"line":34,"column":8},"end":{"line":39,"column":11}},"24":{"start":{"line":35,"column":12},"end":{"line":37,"column":13}},"25":{"start":{"line":36,"column":16},"end":{"line":36,"column":49}},"26":{"start":{"line":38,"column":12},"end":{"line":38,"column":40}},"27":{"start":{"line":40,"column":8},"end":{"line":51,"column":11}},"28":{"start":{"line":42,"column":16},"end":{"line":48,"column":17}},"29":{"start":{"line":44,"column":35},"end":{"line":44,"column":74}},"30":{"start":{"line":45,"column":20},"end":{"line":47,"column":21}},"31":{"start":{"line":46,"column":24},"end":{"line":46,"column":53}},"32":{"start":{"line":50,"column":12},"end":{"line":50,"column":62}},"33":{"start":{"line":53,"column":4},"end":{"line":77,"column":7}},"34":{"start":{"line":67,"column":8},"end":{"line":76,"column":11}},"35":{"start":{"line":68,"column":26},"end":{"line":68,"column":49}},"36":{"start":{"line":69,"column":12},"end":{"line":69,"column":51}},"37":{"start":{"line":70,"column":22},"end":{"line":70,"column":80}},"38":{"start":{"line":72,"column":12},"end":{"line":72,"column":36}},"39":{"start":{"line":73,"column":12},"end":{"line":73,"column":77}},"40":{"start":{"line":75,"column":12},"end":{"line":75,"column":36}}},"fnMap":{"0":{"name":"(anonymous_0)","decl":{"start":{"line":15,"column":26},"end":{"line":15,"column":27}},"loc":{"start":{"line":15,"column":32},"end":{"line":153,"column":1}},"line":15},"1":{"name":"(anonymous_1)","decl":{"start":{"line":17,"column":15},"end":{"line":17,"column":16}},"loc":{"start":{"line":17,"column":21},"end":{"line":52,"column":5}},"line":17},"2":{"name":"(anonymous_2)","decl":{"start":{"line":21,"column":41},"end":{"line":21,"column":42}},"loc":{"start":{"line":21,"column":57},"end":{"line":26,"column":9}},"line":21},"3":{"name":"(anonymous_3)","decl":{"start":{"line":27,"column":41},"end":{"line":27,"column":42}},"loc":{"start":{"line":27,"column":56},"end":{"line":33,"column":9}},"line":27},"4":{"name":"(anonymous_4)","decl":{"start":{"line":34,"column":44},"end":{"line":34,"column":45}},"loc":{"start":{"line":34,"column":59},"end":{"line":39,"column":9}},"line":34},"5":{"name":"(anonymous_5)","decl":{"start":{"line":40,"column":48},"end":{"line":40,"column":49}},"loc":{"start":{"line":40,"column":60},"end":{"line":51,"column":9}},"line":40},"6":{"name":"internalGetStateByRange","decl":{"start":{"line":41,"column":22},"end":{"line":41,"column":45}},"loc":{"start":{"line":41,"column":48},"end":{"line":49,"column":13}},"line":41},"7":{"name":"(anonymous_7)","decl":{"start":{"line":53,"column":32},"end":{"line":53,"column":33}},"loc":{"start":{"line":53,"column":38},"end":{"line":77,"column":5}},"line":53},"8":{"name":"(anonymous_8)","decl":{"start":{"line":67,"column":50},"end":{"line":67,"column":51}},"loc":{"start":{"line":67,"column":62},"end":{"line":76,"column":9}},"line":67}},"branchMap":{"0":{"loc":{"start":{"line":22,"column":12},"end":{"line":24,"column":13}},"type":"if","locations":[{"start":{"line":22,"column":12},"end":{"line":24,"column":13}},{"start":{"line":22,"column":12},"end":{"line":24,"column":13}}],"line":22},"1":{"loc":{"start":{"line":29,"column":12},"end":{"line":31,"column":13}},"type":"if","locations":[{"start":{"line":29,"column":12},"end":{"line":31,"column":13}},{"start":{"line":29,"column":12},"end":{"line":31,"column":13}}],"line":29},"2":{"loc":{"start":{"line":35,"column":12},"end":{"line":37,"column":13}},"type":"if","locations":[{"start":{"line":35,"column":12},"end":{"line":37,"column":13}},{"start":{"line":35,"column":12},"end":{"line":37,"column":13}}],"line":35},"3":{"loc":{"start":{"line":42,"column":16},"end":{"line":48,"column":17}},"type":"if","locations":[{"start":{"line":42,"column":16},"end":{"line":48,"column":17}},{"start":{"line":42,"column":16},"end":{"line":48,"column":17}}],"line":42}},"s":{"0":1,"1":1,"2":1,"3":1,"4":1,"5":1,"6":1,"7":1,"8":1,"9":1,"10":1,"11":1,"12":1,"13":1,"14":1,"15":1,"16":0,"17":0,"18":0,"19":1,"20":0,"21":0,"22":0,"23":1,"24":0,"25":0,"26":0,"27":1,"28":0,"29":0,"30":0,"31":0,"32":0,"33":1,"34":1,"35":1,"36":0,"37":0,"38":0,"39":0,"40":0},"f":{"0":1,"1":1,"2":0,"3":0,"4":0,"5":0,"6":0,"7":1,"8":1},"b":{"0":[0,0],"1":[0,0],"2":[0,0],"3":[0,0]},"_coverageSchema":"43e27e138ebf9cfc5966b082cf9a028302ed4184","hash":"5591027db4e301e51f3f398d3e7c9a98e1b02d51","contentHash":"d1773004f634f01a02933ab8d9e9d6cffb3ef8150def765e960d4e7c3a2c0fee"},"/home/zhasni/RTE-ENEDIS/star-2.3.3/chaincode/abstore/typescript/src/abstore.ts":{"path":"/home/zhasni/RTE-ENEDIS/star-2.3.3/chaincode/abstore/typescript/src/abstore.ts","statementMap":{"0":{"start":{"line":5,"column":0},"end":{"line":5,"column":62}},"1":{"start":{"line":6,"column":0},"end":{"line":6,"column":25}},"2":{"start":{"line":7,"column":22},"end":{"line":7,"column":44}},"3":{"start":{"line":11,"column":8},"end":{"line":11,"column":57}},"4":{"start":{"line":12,"column":20},"end":{"line":12,"column":51}},"5":{"start":{"line":13,"column":8},"end":{"line":13,"column":26}},"6":{"start":{"line":14,"column":21},"end":{"line":14,"column":31}},"7":{"start":{"line":16,"column":8},"end":{"line":19,"column":9}},"8":{"start":{"line":17,"column":12},"end":{"line":17,"column":72}},"9":{"start":{"line":18,"column":12},"end":{"line":18,"column":119}},"10":{"start":{"line":20,"column":18},"end":{"line":20,"column":25}},"11":{"start":{"line":21,"column":18},"end":{"line":21,"column":25}},"12":{"start":{"line":22,"column":21},"end":{"line":22,"column":28}},"13":{"start":{"line":23,"column":21},"end":{"line":23,"column":28}},"14":{"start":{"line":24,"column":8},"end":{"line":27,"column":9}},"15":{"start":{"line":25,"column":12},"end":{"line":25,"column":71}},"16":{"start":{"line":26,"column":12},"end":{"line":26,"column":118}},"17":{"start":{"line":28,"column":8},"end":{"line":40,"column":9}},"18":{"start":{"line":29,"column":12},"end":{"line":29,"column":54}},"19":{"start":{"line":30,"column":12},"end":{"line":36,"column":13}},"20":{"start":{"line":31,"column":16},"end":{"line":31,"column":58}},"21":{"start":{"line":32,"column":16},"end":{"line":32,"column":52}},"22":{"start":{"line":35,"column":16},"end":{"line":35,"column":53}},"23":{"start":{"line":39,"column":12},"end":{"line":39,"column":49}},"24":{"start":{"line":43,"column":20},"end":{"line":43,"column":51}},"25":{"start":{"line":44,"column":8},"end":{"line":44,"column":26}},"26":{"start":{"line":45,"column":23},"end":{"line":45,"column":36}},"27":{"start":{"line":46,"column":8},"end":{"line":49,"column":9}},"28":{"start":{"line":47,"column":12},"end":{"line":47,"column":67}},"29":{"start":{"line":48,"column":12},"end":{"line":48,"column":48}},"30":{"start":{"line":50,"column":8},"end":{"line":57,"column":9}},"31":{"start":{"line":51,"column":28},"end":{"line":51,"column":58}},"32":{"start":{"line":52,"column":12},"end":{"line":52,"column":55}},"33":{"start":{"line":55,"column":12},"end":{"line":55,"column":29}},"34":{"start":{"line":56,"column":12},"end":{"line":56,"column":49}},"35":{"start":{"line":60,"column":8},"end":{"line":62,"column":9}},"36":{"start":{"line":61,"column":12},"end":{"line":61,"column":74}},"37":{"start":{"line":63,"column":18},"end":{"line":63,"column":25}},"38":{"start":{"line":64,"column":18},"end":{"line":64,"column":25}},"39":{"start":{"line":65,"column":8},"end":{"line":67,"column":9}},"40":{"start":{"line":66,"column":12},"end":{"line":66,"column":63}},"41":{"start":{"line":69,"column":26},"end":{"line":69,"column":48}},"42":{"start":{"line":70,"column":8},"end":{"line":72,"column":9}},"43":{"start":{"line":71,"column":12},"end":{"line":71,"column":69}},"44":{"start":{"line":73,"column":19},"end":{"line":73,"column":47}},"45":{"start":{"line":74,"column":26},"end":{"line":74,"column":48}},"46":{"start":{"line":75,"column":8},"end":{"line":77,"column":9}},"47":{"start":{"line":76,"column":12},"end":{"line":76,"column":69}},"48":{"start":{"line":78,"column":19},"end":{"line":78,"column":47}},"49":{"start":{"line":80,"column":23},"end":{"line":80,"column":38}},"50":{"start":{"line":81,"column":8},"end":{"line":83,"column":9}},"51":{"start":{"line":82,"column":12},"end":{"line":82,"column":85}},"52":{"start":{"line":84,"column":8},"end":{"line":84,"column":29}},"53":{"start":{"line":85,"column":8},"end":{"line":85,"column":29}},"54":{"start":{"line":86,"column":8},"end":{"line":86,"column":59}},"55":{"start":{"line":88,"column":8},"end":{"line":88,"column":61}},"56":{"start":{"line":89,"column":8},"end":{"line":89,"column":61}},"57":{"start":{"line":93,"column":8},"end":{"line":95,"column":9}},"58":{"start":{"line":94,"column":12},"end":{"line":94,"column":74}},"59":{"start":{"line":96,"column":18},"end":{"line":96,"column":25}},"60":{"start":{"line":98,"column":8},"end":{"line":98,"column":34}},"61":{"start":{"line":102,"column":8},"end":{"line":104,"column":9}},"62":{"start":{"line":103,"column":12},"end":{"line":103,"column":100}},"63":{"start":{"line":105,"column":23},"end":{"line":105,"column":25}},"64":{"start":{"line":106,"column":18},"end":{"line":106,"column":25}},"65":{"start":{"line":108,"column":26},"end":{"line":108,"column":48}},"66":{"start":{"line":109,"column":8},"end":{"line":112,"column":9}},"67":{"start":{"line":110,"column":12},"end":{"line":110,"column":70}},"68":{"start":{"line":111,"column":12},"end":{"line":111,"column":54}},"69":{"start":{"line":113,"column":8},"end":{"line":113,"column":46}},"70":{"start":{"line":114,"column":8},"end":{"line":114,"column":57}},"71":{"start":{"line":115,"column":8},"end":{"line":115,"column":51}},"72":{"start":{"line":116,"column":8},"end":{"line":116,"column":25}},"73":{"start":{"line":119,"column":0},"end":{"line":119,"column":26}},"74":{"start":{"line":120,"column":0},"end":{"line":120,"column":25}}},"fnMap":{"0":{"name":"(anonymous_0)","decl":{"start":{"line":10,"column":4},"end":{"line":10,"column":5}},"loc":{"start":{"line":10,"column":21},"end":{"line":41,"column":5}},"line":10},"1":{"name":"(anonymous_1)","decl":{"start":{"line":42,"column":4},"end":{"line":42,"column":5}},"loc":{"start":{"line":42,"column":23},"end":{"line":58,"column":5}},"line":42},"2":{"name":"(anonymous_2)","decl":{"start":{"line":59,"column":4},"end":{"line":59,"column":5}},"loc":{"start":{"line":59,"column":29},"end":{"line":90,"column":5}},"line":59},"3":{"name":"(anonymous_3)","decl":{"start":{"line":92,"column":4},"end":{"line":92,"column":5}},"loc":{"start":{"line":92,"column":29},"end":{"line":99,"column":5}},"line":92},"4":{"name":"(anonymous_4)","decl":{"start":{"line":101,"column":4},"end":{"line":101,"column":5}},"loc":{"start":{"line":101,"column":28},"end":{"line":117,"column":5}},"line":101}},"branchMap":{"0":{"loc":{"start":{"line":16,"column":8},"end":{"line":19,"column":9}},"type":"if","locations":[{"start":{"line":16,"column":8},"end":{"line":19,"column":9}},{"start":{"line":16,"column":8},"end":{"line":19,"column":9}}],"line":16},"1":{"loc":{"start":{"line":24,"column":8},"end":{"line":27,"column":9}},"type":"if","locations":[{"start":{"line":24,"column":8},"end":{"line":27,"column":9}},{"start":{"line":24,"column":8},"end":{"line":27,"column":9}}],"line":24},"2":{"loc":{"start":{"line":24,"column":12},"end":{"line":24,"column":54}},"type":"binary-expr","locations":[{"start":{"line":24,"column":12},"end":{"line":24,"column":31}},{"start":{"line":24,"column":35},"end":{"line":24,"column":54}}],"line":24},"3":{"loc":{"start":{"line":46,"column":8},"end":{"line":49,"column":9}},"type":"if","locations":[{"start":{"line":46,"column":8},"end":{"line":49,"column":9}},{"start":{"line":46,"column":8},"end":{"line":49,"column":9}}],"line":46},"4":{"loc":{"start":{"line":60,"column":8},"end":{"line":62,"column":9}},"type":"if","locations":[{"start":{"line":60,"column":8},"end":{"line":62,"column":9}},{"start":{"line":60,"column":8},"end":{"line":62,"column":9}}],"line":60},"5":{"loc":{"start":{"line":65,"column":8},"end":{"line":67,"column":9}},"type":"if","locations":[{"start":{"line":65,"column":8},"end":{"line":67,"column":9}},{"start":{"line":65,"column":8},"end":{"line":67,"column":9}}],"line":65},"6":{"loc":{"start":{"line":65,"column":12},"end":{"line":65,"column":20}},"type":"binary-expr","locations":[{"start":{"line":65,"column":12},"end":{"line":65,"column":14}},{"start":{"line":65,"column":18},"end":{"line":65,"column":20}}],"line":65},"7":{"loc":{"start":{"line":70,"column":8},"end":{"line":72,"column":9}},"type":"if","locations":[{"start":{"line":70,"column":8},"end":{"line":72,"column":9}},{"start":{"line":70,"column":8},"end":{"line":72,"column":9}}],"line":70},"8":{"loc":{"start":{"line":75,"column":8},"end":{"line":77,"column":9}},"type":"if","locations":[{"start":{"line":75,"column":8},"end":{"line":77,"column":9}},{"start":{"line":75,"column":8},"end":{"line":77,"column":9}}],"line":75},"9":{"loc":{"start":{"line":81,"column":8},"end":{"line":83,"column":9}},"type":"if","locations":[{"start":{"line":81,"column":8},"end":{"line":83,"column":9}},{"start":{"line":81,"column":8},"end":{"line":83,"column":9}}],"line":81},"10":{"loc":{"start":{"line":93,"column":8},"end":{"line":95,"column":9}},"type":"if","locations":[{"start":{"line":93,"column":8},"end":{"line":95,"column":9}},{"start":{"line":93,"column":8},"end":{"line":95,"column":9}}],"line":93},"11":{"loc":{"start":{"line":102,"column":8},"end":{"line":104,"column":9}},"type":"if","locations":[{"start":{"line":102,"column":8},"end":{"line":104,"column":9}},{"start":{"line":102,"column":8},"end":{"line":104,"column":9}}],"line":102},"12":{"loc":{"start":{"line":109,"column":8},"end":{"line":112,"column":9}},"type":"if","locations":[{"start":{"line":109,"column":8},"end":{"line":112,"column":9}},{"start":{"line":109,"column":8},"end":{"line":112,"column":9}}],"line":109}},"s":{"0":1,"1":1,"2":1,"3":0,"4":0,"5":0,"6":0,"7":0,"8":0,"9":0,"10":0,"11":0,"12":0,"13":0,"14":0,"15":0,"16":0,"17":0,"18":0,"19":0,"20":0,"21":0,"22":0,"23":0,"24":0,"25":0,"26":0,"27":0,"28":0,"29":0,"30":0,"31":0,"32":0,"33":0,"34":0,"35":0,"36":0,"37":0,"38":0,"39":0,"40":0,"41":0,"42":0,"43":0,"44":0,"45":0,"46":0,"47":0,"48":0,"49":0,"50":0,"51":0,"52":0,"53":0,"54":0,"55":0,"56":0,"57":0,"58":0,"59":0,"60":0,"61":0,"62":0,"63":0,"64":0,"65":0,"66":0,"67":0,"68":0,"69":0,"70":0,"71":0,"72":0,"73":1,"74":1},"f":{"0":0,"1":0,"2":0,"3":0,"4":0},"b":{"0":[0,0],"1":[0,0],"2":[0,0],"3":[0,0],"4":[0,0],"5":[0,0],"6":[0,0],"7":[0,0],"8":[0,0],"9":[0,0],"10":[0,0],"11":[0,0],"12":[0,0]},"_coverageSchema":"43e27e138ebf9cfc5966b082cf9a028302ed4184","hash":"c9f7fdbb2c54cb8ace10f39466d150908eb6fa2a","contentHash":"79ac1dd4b33af121d29bbfc754a142d79745acf089f3451c04e0c32f5e1d4a50"}}